[backblue.gif]
[fade.gif]
[index.html]
[weibergmedia.com/demos/bt/js/modernizr.js]
[weibergmedia.com/demos/bt/images/work-single-1.jpg]
[weibergmedia.com/demos/bt/images/work-single-10.jpg]
[weibergmedia.com/demos/bt/images/work-single-9.jpg]
[weibergmedia.com/demos/bt/images/work-single-7.jpg]
[weibergmedia.com/demos/bt/images/logos/logo01.png]
[weibergmedia.com/demos/bt/images/logos/logo09.png]
[weibergmedia.com/demos/bt/images/logos/logo07.png]
[weibergmedia.com/demos/bt/images/logos/logo04.png]
[weibergmedia.com/demos/bt/images/logos/logo08.png]
[weibergmedia.com/demos/bt/images/logos/logo06.png]
[weibergmedia.com/demos/bt/js/jquery-1.12.4.min.js]
[weibergmedia.com/demos/bt/js/jquery-easing-1.3.js]
[weibergmedia.com/demos/bt/js/jquery.touchSwipe.min.js]
[weibergmedia.com/demos/bt/js/jquery.isotope2.min.js]
[weibergmedia.com/demos/bt/js/jquery.ba-bbq.min.js]
[weibergmedia.com/demos/bt/js/packery-mode.pkgd.min.js]
[weibergmedia.com/demos/bt/js/jquery.isotope.load.js]
[weibergmedia.com/demos/bt/js/main.js]
[weibergmedia.com/demos/bt/js/jquery.form.js]
[weibergmedia.com/demos/bt/js/input.fields.js]
[weibergmedia.com/demos/bt/js/preloader.js]
[weibergmedia.com/demos/bt/js/bootstrap.min.js]
[weibergmedia.com/demos/bt/js/jquery.fancybox.pack.js]
[weibergmedia.com/demos/bt/js/jquery.flexslider-min.js]
[weibergmedia.com/demos/bt/index.html]
[weibergmedia.com/demos/bt/css/reset.css]
[weibergmedia.com/demos/bt/css/bootstrap.min.css]
[weibergmedia.com/demos/bt/fonts/fontawesome-webfont3e6e.eot]
[weibergmedia.com/demos/bt/fonts/fontawesome-webfontd41d.eot]
[weibergmedia.com/demos/bt/fonts/fontawesome-webfont3e6e.woff]
[weibergmedia.com/demos/bt/fonts/fontawesome-webfont3e6e.ttf]
[weibergmedia.com/demos/bt/css/font-awesome.min.css]
[weibergmedia.com/demos/bt/css/contact.css]
[weibergmedia.com/demos/bt/images/arrow2.png]
[weibergmedia.com/demos/bt/images/arrow3.png]
[weibergmedia.com/demos/bt/images/signature.png]
[weibergmedia.com/demos/bt/images/bg-logo.png]
[weibergmedia.com/demos/bt/images/bg-logo-black.png]
[weibergmedia.com/demos/bt/images/arrow4.png]
[weibergmedia.com/demos/bt/images/icons/target.png]
[weibergmedia.com/demos/bt/images/icons/network.png]
[weibergmedia.com/demos/bt/images/icons/illustration.png]
[weibergmedia.com/demos/bt/images/minus.png]
[weibergmedia.com/demos/bt/images/plus.png]
[weibergmedia.com/demos/bt/images/fullscreen02.jpg]
[weibergmedia.com/demos/bt/images/fullscreen03.jpg]
[weibergmedia.com/demos/bt/images/fullscreen28.jpg]
[weibergmedia.com/demos/bt/images/fullscreen15.jpg]
[weibergmedia.com/demos/bt/images/work-single-3.jpg]
[weibergmedia.com/demos/bt/images/architect-1.jpg]
[weibergmedia.com/demos/bt/images/fullscreen04.jpg]
[weibergmedia.com/demos/bt/images/fullscreen14.jpg]
[weibergmedia.com/demos/bt/images/fullscreen05.jpg]
[weibergmedia.com/demos/bt/images/fullscreen07.jpg]
[weibergmedia.com/demos/bt/images/icons/map.png]
[weibergmedia.com/demos/bt/images/icons/winner.png]
[weibergmedia.com/demos/bt/images/icons/time.png]
[weibergmedia.com/demos/bt/images/icons/adjust.png]
[weibergmedia.com/demos/bt/images/icons/bg-team@2x.png]
[weibergmedia.com/demos/bt/images/icons/bg-works@2x.png]
[weibergmedia.com/demos/bt/images/icons/bg-chat@2x.png]
[weibergmedia.com/demos/bt/images/icons/bg-notes@2x.png]
[weibergmedia.com/demos/bt/images/icons/bg-camera@2x.png]
[weibergmedia.com/demos/bt/images/icons/bg-social@2x.png]
[weibergmedia.com/demos/bt/images/icons/bg-vector@2x.png]
[weibergmedia.com/demos/bt/images/icons/bg-commerce@2x.png]
[weibergmedia.com/demos/bt/images/icons/bg-search@2x.png]
[weibergmedia.com/demos/bt/images/icons/bg-like@2x.png]
[weibergmedia.com/demos/bt/images/icons/bg-share@2x.png]
[weibergmedia.com/demos/bt/images/icons/bg-document@2x.png]
[weibergmedia.com/demos/bt/images/icons/bg-apple@2x.png]
[weibergmedia.com/demos/bt/images/icons/bg-balance@2x.png]
[weibergmedia.com/demos/bt/images/icons/bg-beaker@2x.png]
[weibergmedia.com/demos/bt/images/icons/bg-beer@2x.png]
[weibergmedia.com/demos/bt/images/icons/bg-books@2x.png]
[weibergmedia.com/demos/bt/images/icons/bg-cd@2x.png]
[weibergmedia.com/demos/bt/images/icons/bg-champagne@2x.png]
[weibergmedia.com/demos/bt/images/icons/bg-chart@2x.png]
[weibergmedia.com/demos/bt/images/icons/bg-cheese@2x.png]
[weibergmedia.com/demos/bt/images/icons/bg-court@2x.png]
[weibergmedia.com/demos/bt/images/icons/bg-delivery@2x.png]
[weibergmedia.com/demos/bt/images/icons/bg-dvd@2x.png]
[weibergmedia.com/demos/bt/images/icons/bg-eco@2x.png]
[weibergmedia.com/demos/bt/images/icons/bg-film@2x.png]
[weibergmedia.com/demos/bt/images/icons/bg-grape@2x.png]
[weibergmedia.com/demos/bt/images/icons/bg-hot@2x.png]
[weibergmedia.com/demos/bt/images/icons/bg-house@2x.png]
[weibergmedia.com/demos/bt/images/icons/bg-icecream@2x.png]
[weibergmedia.com/demos/bt/images/icons/bg-joystick@2x.png]
[weibergmedia.com/demos/bt/images/icons/bg-keynote@2x.png]
[weibergmedia.com/demos/bt/images/icons/bg-link@2x.png]
[weibergmedia.com/demos/bt/images/icons/bg-magic@2x.png]
[weibergmedia.com/demos/bt/images/icons/bg-mail@2x.png]
[weibergmedia.com/demos/bt/images/icons/bg-microphone@2x.png]
[weibergmedia.com/demos/bt/images/icons/bg-palette@2x.png]
[weibergmedia.com/demos/bt/images/icons/bg-plaster@2x.png]
[weibergmedia.com/demos/bt/images/icons/bg-player@2x.png]
[weibergmedia.com/demos/bt/images/icons/bg-polaroid@2x.png]
[weibergmedia.com/demos/bt/images/icons/bg-printer@2x.png]
[weibergmedia.com/demos/bt/images/icons/bg-pulse@2x.png]
[weibergmedia.com/demos/bt/images/icons/bg-radio@2x.png]
[weibergmedia.com/demos/bt/images/icons/bg-recorder@2x.png]
[weibergmedia.com/demos/bt/images/icons/bg-scissors@2x.png]
[weibergmedia.com/demos/bt/images/icons/bg-select@2x.png]
[weibergmedia.com/demos/bt/images/icons/bg-serving@2x.png]
[weibergmedia.com/demos/bt/images/icons/bg-shop@2x.png]
[weibergmedia.com/demos/bt/images/icons/bg-shopping@2x.png]
[weibergmedia.com/demos/bt/images/icons/bg-smartphone@2x.png]
[weibergmedia.com/demos/bt/images/icons/bg-sofa@2x.png]
[weibergmedia.com/demos/bt/images/icons/bg-syringe@2x.png]
[weibergmedia.com/demos/bt/images/icons/bg-tape@2x.png]
[weibergmedia.com/demos/bt/images/icons/bg-television@2x.png]
[weibergmedia.com/demos/bt/images/icons/bg-video@2x.png]
[weibergmedia.com/demos/bt/images/icons/bg-walkman@2x.png]
[weibergmedia.com/demos/bt/images/icons/bg-zoom@2x.png]
[weibergmedia.com/demos/bt/images/icons/bg-tags@2x.png]
[weibergmedia.com/demos/bt/images/icons/bg-quote@2x.png]
[weibergmedia.com/demos/bt/images/icons/pencil.png]
[weibergmedia.com/demos/bt/images/icons/heart-circle.png]
[weibergmedia.com/demos/bt/images/icons/expand-2.png]
[weibergmedia.com/demos/bt/images/icons/graph-line.png]
[weibergmedia.com/demos/bt/images/icons/graph-pie-2.png]
[weibergmedia.com/demos/bt/images/icons/location-pin-3.png]
[weibergmedia.com/demos/bt/css/styles.css]
[weibergmedia.com/demos/bt/images/bg-close@2x.png]
[weibergmedia.com/demos/bt/images/bg-prev.png]
[weibergmedia.com/demos/bt/images/bg-next.png]
[weibergmedia.com/demos/bt/css/jquery.fancybox.css]
[weibergmedia.com/demos/bt/css/responsive.css]
[weibergmedia.com/demos/bt/css/flexslider.css]
[weibergmedia.com/demos/bt/index-2.html]
[weibergmedia.com/demos/bt/images/food-1.jpg]
[weibergmedia.com/demos/bt/images/food-2.jpg]
[weibergmedia.com/demos/bt/images/food-3.jpg]
[weibergmedia.com/demos/bt/images/food-4.jpg]
[weibergmedia.com/demos/bt/images/food-5.jpg]
[weibergmedia.com/demos/bt/images/food-9.jpg]
[weibergmedia.com/demos/bt/restaurant.html]
[weibergmedia.com/demos/bt/images/fitness-3.jpg]
[weibergmedia.com/demos/bt/images/fitness-2.jpg]
[weibergmedia.com/demos/bt/images/fitness-1.jpg]
[weibergmedia.com/demos/bt/fitness.html]
[weibergmedia.com/demos/bt/images/fullscreen01.jpg]
[weibergmedia.com/demos/bt/images/fullscreen12.jpg]
[weibergmedia.com/demos/bt/images/image07-lg.jpg]
[weibergmedia.com/demos/bt/images/lifestyle08.jpg]
[weibergmedia.com/demos/bt/images/blog-5.jpg]
[weibergmedia.com/demos/bt/images/image05.jpg]
[weibergmedia.com/demos/bt/images/image06-lg.jpg]
[weibergmedia.com/demos/bt/images/travel03.jpg]
[weibergmedia.com/demos/bt/images/image10.jpg]
[weibergmedia.com/demos/bt/images/image09.jpg]
[weibergmedia.com/demos/bt/images/contact-2.jpg]
[weibergmedia.com/demos/bt/js/slideshow.js]
[weibergmedia.com/demos/bt/photography.html]
[weibergmedia.com/demos/bt/images/work-single-15.jpg]
[weibergmedia.com/demos/bt/images/work-single-34.jpg]
[weibergmedia.com/demos/bt/images/work-single-32.jpg]
[weibergmedia.com/demos/bt/images/work-single-33.jpg]
[weibergmedia.com/demos/bt/images/work-single-30.jpg]
[weibergmedia.com/demos/bt/images/work-single-35.jpg]
[weibergmedia.com/demos/bt/images/work-single-36.jpg]
[weibergmedia.com/demos/bt/images/work-single-37.jpg]
[weibergmedia.com/demos/bt/architect.html]
[weibergmedia.com/demos/bt/images/doctor01.jpg]
[weibergmedia.com/demos/bt/images/doctor03.jpg]
[weibergmedia.com/demos/bt/images/doctor04.jpg]
[weibergmedia.com/demos/bt/images/doctor02.jpg]
[weibergmedia.com/demos/bt/medical.html]
[weibergmedia.com/demos/bt/images/work-single-6.jpg]
[weibergmedia.com/demos/bt/portfolio.html]
[weibergmedia.com/demos/bt/images/about-1.jpg]
[weibergmedia.com/demos/bt/images/about-2.jpg]
[weibergmedia.com/demos/bt/images/about-3.jpg]
[weibergmedia.com/demos/bt/images/logos/logo05.png]
[weibergmedia.com/demos/bt/images/logos/logo03.png]
[weibergmedia.com/demos/bt/about.html]
[weibergmedia.com/demos/bt/images/image15.jpg]
[weibergmedia.com/demos/bt/images/cowork-10.jpg]
[weibergmedia.com/demos/bt/blog.html]
[weibergmedia.com/demos/bt/images/work-single-5.jpg]
[weibergmedia.com/demos/bt/images/work-single-4.jpg]
[weibergmedia.com/demos/bt/case-study-1.html]
[weibergmedia.com/demos/bt/case-study-2.html]
[weibergmedia.com/demos/bt/images/about-4.jpg]
[weibergmedia.com/demos/bt/post-1.html]
[weibergmedia.com/demos/bt/pricing.html]
[weibergmedia.com/demos/bt/job-offers.html]
[weibergmedia.com/demos/bt/js/googlemaps.js]
[weibergmedia.com/demos/bt/contact.html]
[weibergmedia.com/demos/bt/fonts/glyphicons-halflings-regular.html]
[weibergmedia.com/demos/bt/fonts/glyphicons-halflings-regulard41d.html]
[weibergmedia.com/demos/bt/fonts/glyphicons-halflings-regular-2.html]
[weibergmedia.com/demos/bt/fonts/glyphicons-halflings-regular-3.html]
[weibergmedia.com/demos/bt/fonts/glyphicons-halflings-regular-4.html]
[weibergmedia.com/demos/bt/fonts/glyphicons-halflings-regular-5.html]
[weibergmedia.com/demos/bt/fonts/fontawesome-webfont3e6e.html]
[weibergmedia.com/demos/bt/fonts/fontawesome-webfont3e6e.svg]
[weibergmedia.com/demos/bt/images/icons/bg-illustration@2x.html]
[weibergmedia.com/demos/bt/images/icons/bg-box@2x.png]
[weibergmedia.com/demos/bt/images/icons/bg-cake@2x.png]
[weibergmedia.com/demos/bt/images/icons/bg-calcuLator@2x.html]
[weibergmedia.com/demos/bt/images/icons/bg-network@2x.html]
[weibergmedia.com/demos/bt/images/icons/bg-target@2x.html]
[weibergmedia.com/demos/bt/images/icons/bg-certified@2x.html]
[weibergmedia.com/demos/bt/css/fancybox_sprite.html]
[weibergmedia.com/demos/bt/images/ajax-loader2.html]
[weibergmedia.com/demos/bt/css/blank.html]
[weibergmedia.com/demos/bt/images/image07-lg.jpg]
[weibergmedia.com/demos/bt/images/image02.jpg]
[weibergmedia.com/demos/bt/images/lifestyle08-lg.jpg]
[weibergmedia.com/demos/bt/images/image06-lg.jpg]
[weibergmedia.com/demos/bt/post.html]
[weibergmedia.com/demos/bt/images/work-single-31.jpg]
[weibergmedia.com/demos/bt/images/image06.jpg]
[weibergmedia.com/demos/bt/images/lifestyle04.jpg]
[weibergmedia.com/demos/bt/images/image02.jpg]
